2025-07-13 13:47:15:4715 [32minfo[39m: [32m🚀 Server running on port 5000 in undefined mode[39m
2025-07-13 13:47:15:4715 [32minfo[39m: [32m📊 Health check: http://localhost:5000/health[39m
2025-07-13 13:47:15:4715 [32minfo[39m: [32m🔗 API Base URL: http://localhost:5000/api[39m
2025-07-13 13:47:15:4715 [31merror[39m: [31m❌ Database connection failed: querySrv ENOTFOUND _mongodb._tcp.cluster0.mongodb.net[39m
2025-07-13 14:21:03:213 [32minfo[39m: [32m🚀 Server running on port 5000 in undefined mode[39m
2025-07-13 14:21:03:213 [32minfo[39m: [32m📊 Health check: http://localhost:5000/health[39m
2025-07-13 14:21:03:213 [32minfo[39m: [32m🔗 API Base URL: http://localhost:5000/api[39m
2025-07-13 14:21:33:2133 [31merror[39m: [31m❌ Database connection failed: Could not connect to any servers in your MongoDB Atlas cluster. One common reason is that you're trying to access the database from an IP that isn't whitelisted. Make sure your current IP address is on your Atlas cluster's IP whitelist: https://www.mongodb.com/docs/atlas/security-whitelist/[39m
2025-07-13 14:27:33:2733 [32minfo[39m: [32m🚀 Server running on port 5000 in undefined mode[39m
2025-07-13 14:27:33:2733 [32minfo[39m: [32m📊 Health check: http://localhost:5000/health[39m
2025-07-13 14:27:33:2733 [32minfo[39m: [32m🔗 API Base URL: http://localhost:5000/api[39m
2025-07-13 14:28:03:283 [31merror[39m: [31m❌ Database connection failed: Could not connect to any servers in your MongoDB Atlas cluster. One common reason is that you're trying to access the database from an IP that isn't whitelisted. Make sure your current IP address is on your Atlas cluster's IP whitelist: https://www.mongodb.com/docs/atlas/security-whitelist/[39m
2025-07-13 14:28:37:2837 [32minfo[39m: [32m🚀 Server running on port 5000 in undefined mode[39m
2025-07-13 14:28:37:2837 [32minfo[39m: [32m📊 Health check: http://localhost:5000/health[39m
2025-07-13 14:28:37:2837 [32minfo[39m: [32m🔗 API Base URL: http://localhost:5000/api[39m
2025-07-13 14:28:45:2845 [32minfo[39m: [32mSIGINT received, shutting down gracefully[39m
2025-07-13 15:15:20:1520 [32minfo[39m: [32m🚀 Server running on port 5000 in undefined mode[39m
2025-07-13 15:15:20:1520 [32minfo[39m: [32m📊 Health check: http://localhost:5000/health[39m
2025-07-13 15:15:20:1520 [32minfo[39m: [32m🔗 API Base URL: http://localhost:5000/api[39m
2025-07-13 15:15:23:1523 [31merror[39m: [31m❌ Database connection failed: bad auth : Authentication failed.[39m
2025-07-13 15:17:10:1710 [32minfo[39m: [32m🚀 Server running on port 5000 in undefined mode[39m
2025-07-13 15:17:10:1710 [32minfo[39m: [32m📊 Health check: http://localhost:5000/health[39m
2025-07-13 15:17:10:1710 [32minfo[39m: [32m🔗 API Base URL: http://localhost:5000/api[39m
2025-07-13 15:17:12:1712 [31merror[39m: [31m❌ Database connection failed: bad auth : Authentication failed.[39m
2025-07-13 15:24:51:2451 [32minfo[39m: [32m🚀 Server running on port 5000 in undefined mode[39m
2025-07-13 15:24:51:2451 [32minfo[39m: [32m📊 Health check: http://localhost:5000/health[39m
2025-07-13 15:24:51:2451 [32minfo[39m: [32m🔗 API Base URL: http://localhost:5000/api[39m
2025-07-13 15:24:54:2454 [31merror[39m: [31m❌ Database connection failed: bad auth : Authentication failed.[39m
2025-07-13 15:29:59:2959 [32minfo[39m: [32m🚀 Server running on port 5000 in undefined mode[39m
2025-07-13 15:29:59:2959 [32minfo[39m: [32m📊 Health check: http://localhost:5000/health[39m
2025-07-13 15:29:59:2959 [32minfo[39m: [32m🔗 API Base URL: http://localhost:5000/api[39m
2025-07-13 15:30:01:301 [31merror[39m: [31m❌ Database connection failed: bad auth : Authentication failed.[39m
2025-07-18 04:19:21:1921 [32minfo[39m: [32m🚀 Server running on port 5000 in undefined mode[39m
2025-07-18 04:19:21:1921 [32minfo[39m: [32m📊 Health check: http://localhost:5000/health[39m
2025-07-18 04:19:21:1921 [32minfo[39m: [32m🔗 API Base URL: http://localhost:5000/api[39m
2025-07-18 04:19:23:1923 [31merror[39m: [31m❌ Database connection failed: bad auth : Authentication failed.[39m
2025-07-18 04:31:20:3120 [32minfo[39m: [32m🚀 Server running on port 5000 in undefined mode[39m
2025-07-18 04:31:20:3120 [32minfo[39m: [32m📊 Health check: http://localhost:5000/health[39m
2025-07-18 04:31:20:3120 [32minfo[39m: [32m🔗 API Base URL: http://localhost:5000/api[39m
2025-07-18 04:31:23:3123 [31merror[39m: [31m❌ Database connection failed: bad auth : Authentication failed.[39m
2025-07-18 04:31:32:3132 [32minfo[39m: [32m🚀 Server running on port 5000 in undefined mode[39m
2025-07-18 04:31:32:3132 [32minfo[39m: [32m📊 Health check: http://localhost:5000/health[39m
2025-07-18 04:31:32:3132 [32minfo[39m: [32m🔗 API Base URL: http://localhost:5000/api[39m
2025-07-18 04:31:35:3135 [31merror[39m: [31m❌ Database connection failed: bad auth : Authentication failed.[39m
2025-07-18 04:35:41:3541 [32minfo[39m: [32m🚀 Server running on port 5000 in undefined mode[39m
2025-07-18 04:35:41:3541 [32minfo[39m: [32m📊 Health check: http://localhost:5000/health[39m
2025-07-18 04:35:41:3541 [32minfo[39m: [32m🔗 API Base URL: http://localhost:5000/api[39m
2025-07-18 04:35:44:3544 [31merror[39m: [31m❌ Database connection failed: bad auth : Authentication failed.[39m
2025-07-18 04:36:13:3613 [32minfo[39m: [32m🚀 Server running on port 5000 in undefined mode[39m
2025-07-18 04:36:13:3613 [32minfo[39m: [32m📊 Health check: http://localhost:5000/health[39m
2025-07-18 04:36:13:3613 [32minfo[39m: [32m🔗 API Base URL: http://localhost:5000/api[39m
2025-07-18 04:36:15:3615 [31merror[39m: [31m❌ Database connection failed: bad auth : Authentication failed.[39m
2025-07-18 04:41:29:4129 [32minfo[39m: [32m🚀 Server running on port 5000 in undefined mode[39m
2025-07-18 04:41:29:4129 [32minfo[39m: [32m📊 Health check: http://localhost:5000/health[39m
2025-07-18 04:41:29:4129 [32minfo[39m: [32m🔗 API Base URL: http://localhost:5000/api[39m
2025-07-18 04:41:32:4132 [31merror[39m: [31m❌ Database connection failed: bad auth : Authentication failed.[39m
2025-07-18 04:54:49:5449 [32minfo[39m: [32m🚀 Server running on port 5000 in undefined mode[39m
2025-07-18 04:54:49:5449 [32minfo[39m: [32m📊 Health check: http://localhost:5000/health[39m
2025-07-18 04:54:49:5449 [32minfo[39m: [32m🔗 API Base URL: http://localhost:5000/api[39m
2025-07-18 04:54:51:5451 [31merror[39m: [31m❌ Database connection failed: bad auth : Authentication failed.[39m
2025-07-18 05:45:10:4510 [32minfo[39m: [32m🚀 Server running on port 5000 in undefined mode[39m
2025-07-18 05:45:10:4510 [32minfo[39m: [32m📊 Health check: http://localhost:5000/health[39m
2025-07-18 05:45:10:4510 [32minfo[39m: [32m🔗 API Base URL: http://localhost:5000/api[39m
2025-07-18 05:45:10:4510 [32minfo[39m: [32m✅ MongoDB Connected: 127.0.0.1[39m
2025-07-18 05:46:28:4628 [32minfo[39m: [32m::1 - - [18/Jul/2025:12:46:28 +0000] "GET /health HTTP/1.1" 200 93 "-" "Mozilla/5.0 (Windows NT 10.0; Win64; x64) AppleWebKit/537.36 (KHTML, like Gecko) Chrome/138.0.0.0 Safari/537.36"[39m
2025-07-18 05:46:29:4629 [31merror[39m: [31mNot Found - /favicon.ico[39m
2025-07-18 05:46:29:4629 [32minfo[39m: [32m::1 - - [18/Jul/2025:12:46:29 +0000] "GET /favicon.ico HTTP/1.1" 500 52 "-" "Mozilla/5.0 (Windows NT 10.0; Win64; x64) AppleWebKit/537.36 (KHTML, like Gecko) Chrome/138.0.0.0 Safari/537.36"[39m
2025-07-18 07:08:16:816 [32minfo[39m: [32mSIGINT received, shutting down gracefully[39m
2025-07-18 08:45:33:4533 [32minfo[39m: [32m🚀 Server running on port 5000 in undefined mode[39m
2025-07-18 08:45:33:4533 [32minfo[39m: [32m📊 Health check: http://localhost:5000/health[39m
2025-07-18 08:45:33:4533 [32minfo[39m: [32m🔗 API Base URL: http://localhost:5000/api[39m
2025-07-18 08:45:33:4533 [32minfo[39m: [32m✅ MongoDB Connected: 127.0.0.1[39m
2025-07-18 09:34:36:3436 [32minfo[39m: [32mSIGINT received, shutting down gracefully[39m
2025-07-18 09:52:12:5212 [32minfo[39m: [32m🚀 Server running on port 5000 in undefined mode[39m
2025-07-18 09:52:12:5212 [32minfo[39m: [32m📊 Health check: http://localhost:5000/health[39m
2025-07-18 09:52:12:5212 [32minfo[39m: [32m🔗 API Base URL: http://localhost:5000/api[39m
2025-07-18 09:52:12:5212 [32minfo[39m: [32m✅ MongoDB Connected: 127.0.0.1[39m
2025-07-20 00:47:52:4752 [32minfo[39m: [32mSIGINT received, shutting down gracefully[39m
2025-07-20 00:54:22:5422 [32minfo[39m: [32m🚀 Server running on port 5000 in undefined mode[39m
2025-07-20 00:54:22:5422 [32minfo[39m: [32m📊 Health check: http://localhost:5000/health[39m
2025-07-20 00:54:22:5422 [32minfo[39m: [32m🔗 API Base URL: http://localhost:5000/api[39m
2025-07-20 00:54:23:5423 [32minfo[39m: [32m✅ MongoDB Connected: 127.0.0.1[39m
2025-07-20 01:07:24:724 [32minfo[39m: [32mSIGINT received, shutting down gracefully[39m
2025-07-20 02:06:08:68 [32minfo[39m: [32m🚀 Server running on port 5000 in undefined mode[39m
2025-07-20 02:06:08:68 [32minfo[39m: [32m📊 Health check: http://localhost:5000/health[39m
2025-07-20 02:06:08:68 [32minfo[39m: [32m🔗 API Base URL: http://localhost:5000/api[39m
2025-07-20 02:06:09:69 [32minfo[39m: [32m✅ MongoDB Connected: 127.0.0.1[39m
2025-07-20 03:17:51:1751 [32minfo[39m: [32mSIGINT received, shutting down gracefully[39m
2025-07-20 03:21:12:2112 [32minfo[39m: [32m🚀 Server running on port 5000 in undefined mode[39m
2025-07-20 03:21:12:2112 [32minfo[39m: [32m📊 Health check: http://localhost:5000/health[39m
2025-07-20 03:21:12:2112 [32minfo[39m: [32m🔗 API Base URL: http://localhost:5000/api[39m
2025-07-20 03:21:13:2113 [32minfo[39m: [32m✅ MongoDB Connected: 127.0.0.1[39m
2025-07-20 03:39:55:3955 [32minfo[39m: [32mSIGINT received, shutting down gracefully[39m
