2025-08-12 19:42:10:4210 [31merror[39m: [31m❌ Database connection failed: connect ECONNREFUSED 127.0.0.1:27017[39m
2025-08-12 19:53:22:5322 [31merror[39m: [31m❌ Database connection failed: connect ECONNREFUSED 127.0.0.1:27017[39m
2025-08-17 15:13:27:1327 [31merror[39m: [31m❌ Database connection failed: connect ECONNREFUSED 127.0.0.1:27017[39m
2025-08-17 15:30:12:3012 [31merror[39m: [31m❌ Database connection failed: connect ECONNREFUSED 127.0.0.1:27017[39m
2025-09-02 03:52:25:5225 [31merror[39m: [31m❌ Database connection failed: connect ECONNREFUSED 127.0.0.1:27017[39m
2025-09-07 06:13:18:1318 [31merror[39m: [31m❌ Database connection failed: connect ECONNREFUSED 127.0.0.1:27017[39m
2025-09-08 02:44:24:4424 [31merror[39m: [31mNot Found - /favicon.ico[39m
2025-09-08 02:49:24:4924 [31merror[39m: [31mNot Found - /favicon.ico[39m
2025-09-08 03:09:43:943 [31merror[39m: [31mNot Found - /favicon.ico[39m
2025-09-14 08:17:52:1752 [31merror[39m: [31mNot Found - /favicon.ico[39m
2025-09-14 15:44:03:443 [31merror[39m: [31mNot Found - /favicon.ico[39m
2025-09-14 15:44:07:447 [31merror[39m: [31mNot Found - /favicon.ico[39m
2025-09-14 16:07:50:750 [31merror[39m: [31mNot Found - /api/services/tree?visible=true[39m
2026-01-04 14:43:26:4326 [31merror[39m: [31m❌ Database connection failed: connect ECONNREFUSED 127.0.0.1:27017[39m
2026-01-04 15:09:23:923 [31merror[39m: [31mNot Found - /api/services/tree?visible=true[39m
2026-01-04 15:09:28:928 [31merror[39m: [31mNot Found - /favicon.ico[39m
2026-01-04 16:23:53:2353 [31merror[39m: [31mNot Found - /favicon.ico[39m
2026-01-04 20:36:28:3628 [31merror[39m: [31m❌ Database connection failed: connect ECONNREFUSED 127.0.0.1:27017[39m
2026-01-04 20:52:28:5228 [31merror[39m: [31mNot Found - /favicon.ico[39m
2026-01-04 21:30:06:306 [31merror[39m: [31m❌ Database connection failed: connect ECONNREFUSED 127.0.0.1:27017[39m
2026-01-05 00:36:55:3655 [31merror[39m: [31mNot Found - /favicon.ico[39m
2026-01-05 03:49:53:4953 [31merror[39m: [31mNot Found - /favicon.ico[39m
2026-01-05 06:32:05:325 [31merror[39m: [31mNot Found - /images/digital-marketing.jpg[39m
2026-01-05 06:35:39:3539 [31merror[39m: [31mNot Found - /images/digital-marketing.jpg[39m
2026-01-05 06:35:43:3543 [31merror[39m: [31mNot Found - /favicon.ico[39m
2026-01-14 22:12:12:1212 [31merror[39m: [31m❌ Database connection failed: connect ECONNREFUSED 127.0.0.1:27017[39m
2026-01-14 22:22:26:2226 [31merror[39m: [31m❌ Database connection failed: connect ECONNREFUSED 127.0.0.1:27017[39m
2026-01-14 23:01:11:111 [31merror[39m: [31m❌ Database connection failed: connect ECONNREFUSED 127.0.0.1:27017[39m
2026-01-14 23:05:57:557 [31merror[39m: [31mNot Found - /images/creative-design.jpg[39m
2026-01-14 23:05:57:557 [31merror[39m: [31mNot Found - /images/website-dev.jpg[39m
2026-01-14 23:05:57:557 [31merror[39m: [31mNot Found - /images/amazon-az.jpg[39m
2026-01-14 23:05:57:557 [31merror[39m: [31mNot Found - /images/ai-chatbot.jpg[39m
2026-01-14 23:05:57:557 [31merror[39m: [31mNot Found - /images/digital-marketing.jpg[39m
2026-01-14 23:06:05:65 [31merror[39m: [31mNot Found - /images/amazon-product-research.jpg[39m
2026-01-14 23:06:05:65 [31merror[39m: [31mNot Found - /images/amazon-listing-optimization.jpg[39m
2026-01-14 23:06:05:65 [31merror[39m: [31mNot Found - /images/amazon-ppc-campaigns.jpg[39m
2026-01-14 23:06:05:65 [31merror[39m: [31mNot Found - /images/amazon-inventory-management.jpg[39m
2026-01-14 23:06:21:621 [31merror[39m: [31m❌ Database connection failed: connect ECONNREFUSED 127.0.0.1:27017[39m
2026-01-14 23:09:11:911 [31merror[39m: [31mNot Found - /images/amazon-product-research.jpg[39m
2026-01-14 23:09:11:911 [31merror[39m: [31mNot Found - /images/amazon-listing-optimization.jpg[39m
2026-01-14 23:09:11:911 [31merror[39m: [31mNot Found - /images/amazon-ppc-campaigns.jpg[39m
2026-01-14 23:09:11:911 [31merror[39m: [31mNot Found - /images/amazon-inventory-management.jpg[39m
2026-01-14 23:09:19:919 [31merror[39m: [31m❌ Database connection failed: connect ECONNREFUSED 127.0.0.1:27017[39m
2026-01-14 23:12:34:1234 [31merror[39m: [31mNot Found - /images/digital-marketing.jpg[39m
2026-01-14 23:12:34:1234 [31merror[39m: [31mNot Found - /images/website-dev.jpg[39m
2026-01-14 23:12:34:1234 [31merror[39m: [31mNot Found - /images/creative-design.jpg[39m
2026-01-14 23:12:34:1234 [31merror[39m: [31mNot Found - /images/amazon-az.jpg[39m
2026-01-14 23:12:35:1235 [31merror[39m: [31mNot Found - /images/ai-chatbot.jpg[39m
2026-01-14 23:12:36:1236 [31merror[39m: [31mNot Found - /images/logo-design.jpg[39m
2026-01-14 23:12:36:1236 [31merror[39m: [31mNot Found - /images/book-cover.jpg[39m
2026-01-14 23:12:36:1236 [31merror[39m: [31mNot Found - /images/3d-models.jpg[39m
2026-01-14 23:12:36:1236 [31merror[39m: [31mNot Found - /images/comic-art.jpg[39m
2026-01-14 23:12:36:1236 [31merror[39m: [31mNot Found - /images/character-design.jpg[39m
2026-01-14 23:12:36:1236 [31merror[39m: [31mNot Found - /images/anime-character.jpg[39m
2026-01-14 23:12:36:1236 [31merror[39m: [31mNot Found - /images/reference-sheet.jpg[39m
2026-01-14 23:12:39:1239 [31merror[39m: [31mNot Found - /images/chatbot-overview.jpg[39m
2026-01-14 23:12:39:1239 [31merror[39m: [31mNot Found - /images/chatbot-faq.jpg[39m
2026-01-14 23:12:54:1254 [31merror[39m: [31m❌ Database connection failed: connect ECONNREFUSED 127.0.0.1:27017[39m
2026-01-14 23:14:36:1436 [31merror[39m: [31m❌ Database connection failed: connect ECONNREFUSED 127.0.0.1:27017[39m
2026-01-14 23:32:03:323 [31merror[39m: [31m❌ Database connection failed: connect ECONNREFUSED 127.0.0.1:27017[39m
2026-01-14 23:34:47:3447 [31merror[39m: [31mNot Found - /images/tiktok-content-strategy.jpg[39m
2026-01-14 23:34:47:3447 [31merror[39m: [31mNot Found - /images/tiktok-ads-management.jpg[39m
2026-01-14 23:34:47:3447 [31merror[39m: [31mNot Found - /images/seo.avif[39m
2026-01-14 23:34:47:3447 [31merror[39m: [31mNot Found - /images/tiktok-video-production.jpg[39m
2026-01-14 23:35:06:356 [31merror[39m: [31m❌ Database connection failed: connect ECONNREFUSED 127.0.0.1:27017[39m
2026-01-14 23:47:12:4712 [31merror[39m: [31mNot Found - /favicon.ico[39m
2026-01-14 23:47:17:4717 [31merror[39m: [31mNot Found - /images/chatbot-overview.jpg[39m
2026-01-14 23:47:17:4717 [31merror[39m: [31mNot Found - /public/images/chatbot-integration.jpg[39m
2026-01-14 23:47:17:4717 [31merror[39m: [31mNot Found - /public/images/chatbot-faq.jpg[39m
2026-01-14 23:47:24:4724 [31merror[39m: [31mNot Found - /images/amazon-listing-optimization.jpg[39m
2026-01-14 23:47:24:4724 [31merror[39m: [31mNot Found - /images/amazon-ppc-campaigns.jpg[39m
2026-01-14 23:47:24:4724 [31merror[39m: [31mNot Found - /images/amazon-inventory-management.jpg[39m
2026-01-14 23:47:26:4726 [31merror[39m: [31m❌ Database connection failed: connect ECONNREFUSED 127.0.0.1:27017[39m
2026-01-15 00:41:00:410 [31merror[39m: [31m❌ Database connection failed: connect ECONNREFUSED 127.0.0.1:27017[39m
2026-01-15 01:45:25:4525 [31merror[39m: [31mNot Found - /images/amazon-listing-optimization.jpg[39m
2026-01-15 01:45:25:4525 [31merror[39m: [31mNot Found - /images/amazon-ppc-campaigns.jpg[39m
2026-01-15 01:45:25:4525 [31merror[39m: [31mNot Found - /images/amazon-inventory-management.jpg[39m
2026-01-15 01:45:29:4529 [31merror[39m: [31mNot Found - /public/images/chatbot-integration.jpg[39m
2026-01-15 01:45:29:4529 [31merror[39m: [31mNot Found - /public/images/chatbot-faq.jpg[39m
2026-01-15 01:45:29:4529 [31merror[39m: [31mNot Found - /images/chatbot-overview.jpg[39m
2026-01-15 01:45:39:4539 [31merror[39m: [31m❌ Database connection failed: connect ECONNREFUSED 127.0.0.1:27017[39m
2026-01-16 06:56:17:5617 [31merror[39m: [31mNot Found - /images/chatbot-overview.jpg[39m
2026-01-16 06:56:17:5617 [31merror[39m: [31mNot Found - /public/images/chatbot-integration.jpg[39m
2026-01-16 06:56:17:5617 [31merror[39m: [31mNot Found - /public/images/chatbot-faq.jpg[39m
2026-01-16 07:03:44:344 [31merror[39m: [31mNot Found - /images/comic-art.png[39m
2026-01-16 07:03:47:347 [31merror[39m: [31mNot Found - /favicon.ico[39m
2026-01-16 07:04:29:429 [31merror[39m: [31mNot Found - /favicon.ico[39m
2026-01-16 07:04:36:436 [31merror[39m: [31mNot Found - /public/images/chatbot-integration.jpg[39m
2026-01-16 07:04:36:436 [31merror[39m: [31mNot Found - /public/images/chatbot-faq.jpg[39m
2026-01-16 07:04:36:436 [31merror[39m: [31mNot Found - /images/chatbot-overview.jpg[39m
2026-01-16 07:15:47:1547 [31merror[39m: [31mNot Found - /images/chatbot-overview.jpg[39m
2026-01-16 07:15:47:1547 [31merror[39m: [31mNot Found - /images/chatbot-faq.jpg[39m
2026-01-16 07:18:19:1819 [31merror[39m: [31mNot Found - /images/chatbot-overview.jpg[39m
2026-01-16 07:18:19:1819 [31merror[39m: [31mNot Found - /images/chatbot-faq.jpg[39m
2026-01-16 07:18:26:1826 [31merror[39m: [31mNot Found - /images/reference-sheet.jpg[39m
2026-01-16 07:21:02:212 [31merror[39m: [31mNot Found - /images/chatbot-overview.jpg[39m
2026-01-16 07:21:02:212 [31merror[39m: [31mNot Found - /images/chatbot-faq.jpg[39m
2026-01-16 07:43:38:4338 [31merror[39m: [31mNot Found - /images/reference-sheet.jpg[39m
2026-01-16 07:44:33:4433 [31merror[39m: [31mNot Found - /images/reference-sheet.jpg[39m
2026-01-16 07:47:41:4741 [31merror[39m: [31mNot Found - /favicon.ico[39m
2026-01-16 07:47:59:4759 [31merror[39m: [31mNot Found - /favicon.ico[39m
2026-01-16 07:48:07:487 [31merror[39m: [31mNot Found - /images/tiktok-content-strategy.jpg[39m
2026-01-16 07:48:07:487 [31merror[39m: [31mNot Found - /images/tiktok-video-production.jpg[39m
2026-01-16 07:48:07:487 [31merror[39m: [31mNot Found - /images/seo.avif[39m
2026-01-16 07:48:07:487 [31merror[39m: [31mNot Found - /images/tiktok-ads-management.jpg[39m
2026-01-16 07:50:38:5038 [31merror[39m: [31mNot Found - /images/reference-sheet.jpg[39m
2026-01-16 07:50:46:5046 [31merror[39m: [31mNot Found - /images/reference-sheet.jpg[39m
2026-01-16 08:15:08:158 [31merror[39m: [31mNot Found - /images/chatbot-overview.jpg[39m
2026-01-16 08:15:08:158 [31merror[39m: [31mNot Found - /images/chatbot-integration.jpg[39m
2026-01-16 08:15:08:158 [31merror[39m: [31mNot Found - /images/chatbot-faq.jpg[39m
2026-01-16 08:15:08:158 [31merror[39m: [31mNot Found - /images/chatbot-pricing.png[39m
2026-01-16 08:24:49:2449 [31merror[39m: [31mNot Found - /images/digital-marketing.jpg[39m
2026-01-16 08:24:49:2449 [31merror[39m: [31mNot Found - /images/creative-design.jpg[39m
2026-01-16 08:24:49:2449 [31merror[39m: [31mNot Found - /images/website-dev.jpg[39m
2026-01-16 08:24:49:2449 [31merror[39m: [31mNot Found - /images/ai-chatbot.jpg[39m
2026-01-16 08:24:49:2449 [31merror[39m: [31mNot Found - /images/amazon-az.jpg[39m
2026-01-16 08:25:31:2531 [31merror[39m: [31mNot Found - /images/chatbot-overview.jpg[39m
2026-01-16 08:25:31:2531 [31merror[39m: [31mNot Found - /images/chatbot-integration.jpg[39m
2026-01-16 08:25:31:2531 [31merror[39m: [31mNot Found - /images/chatbot-faq.jpg[39m
2026-01-16 08:25:31:2531 [31merror[39m: [31mNot Found - /images/chatbot-pricing.png[39m
2026-01-16 08:27:52:2752 [31merror[39m: [31mNot Found - /favicon.ico[39m
2026-01-16 08:30:19:3019 [31merror[39m: [31mNot Found - /images/digital-marketing.jpg[39m
2026-01-16 08:30:19:3019 [31merror[39m: [31mNot Found - /images/creative-design.jpg[39m
2026-01-16 08:30:19:3019 [31merror[39m: [31mNot Found - /images/amazon-az.jpg[39m
2026-01-16 08:30:19:3019 [31merror[39m: [31mNot Found - /images/website-dev.jpg[39m
2026-01-16 08:30:19:3019 [31merror[39m: [31mNot Found - /images/ai-chatbot.jpg[39m
2026-01-16 08:30:26:3026 [31merror[39m: [31mNot Found - /images/chatbot-overview.jpg[39m
2026-01-16 08:30:26:3026 [31merror[39m: [31mNot Found - /images/chatbot-integration.jpg[39m
2026-01-16 08:30:26:3026 [31merror[39m: [31mNot Found - /images/chatbot-faq.jpg[39m
2026-01-16 08:30:26:3026 [31merror[39m: [31mNot Found - /images/chatbot-pricing.png[39m
2026-01-17 14:42:38:4238 [31merror[39m: [31m❌ Database connection failed: connect ECONNREFUSED 127.0.0.1:27017[39m
2026-01-17 14:48:21:4821 [31merror[39m: [31mNot Found - /images/digital-marketing.jpg[39m
2026-01-17 14:48:21:4821 [31merror[39m: [31mNot Found - /images/creative-design.jpg[39m
2026-01-17 14:48:21:4821 [31merror[39m: [31mNot Found - /images/website-dev.jpg[39m
2026-01-17 14:48:21:4821 [31merror[39m: [31mNot Found - /images/amazon-az.jpg[39m
2026-01-17 14:48:21:4821 [31merror[39m: [31mNot Found - /images/ai-chatbot.jpg[39m
2026-01-17 14:48:29:4829 [31merror[39m: [31mNot Found - /images/social-media.jpg[39m
2026-01-17 14:48:29:4829 [31merror[39m: [31mNot Found - /images/tiktok-content-strategy.jpg[39m
2026-01-17 14:48:29:4829 [31merror[39m: [31mNot Found - /images/ads-management.jpg[39m
2026-01-17 14:48:30:4830 [31merror[39m: [31mNot Found - /images/tiktok-video-production.jpg[39m
2026-01-17 14:48:30:4830 [31merror[39m: [31mNot Found - /images/seo.avif[39m
2026-01-17 14:48:30:4830 [31merror[39m: [31mNot Found - /images/tiktok-ads-management.jpg[39m
2026-01-17 14:51:18:5118 [31merror[39m: [31mNot Found - /images/digital-marketing.jpg[39m
2026-01-17 14:51:18:5118 [31merror[39m: [31mNot Found - /images/creative-design.jpg[39m
2026-01-17 14:51:18:5118 [31merror[39m: [31mNot Found - /images/website-dev.jpg[39m
2026-01-17 14:51:18:5118 [31merror[39m: [31mNot Found - /images/amazon-az.jpg[39m
2026-01-17 14:51:18:5118 [31merror[39m: [31mNot Found - /images/ai-chatbot.jpg[39m
2026-01-17 14:53:29:5329 [31merror[39m: [31mNot Found - /images/digital-marketing.jpg[39m
2026-01-17 14:53:29:5329 [31merror[39m: [31mNot Found - /images/creative-design.jpg[39m
2026-01-17 14:53:29:5329 [31merror[39m: [31mNot Found - /images/website-dev.jpg[39m
2026-01-17 14:53:29:5329 [31merror[39m: [31mNot Found - /images/amazon-az.jpg[39m
2026-01-17 14:53:29:5329 [31merror[39m: [31mNot Found - /images/ai-chatbot.jpg[39m
2026-01-17 15:14:47:1447 [31merror[39m: [31mNot Found - /images/digital-marketing.jpg[39m
2026-01-17 15:14:47:1447 [31merror[39m: [31mNot Found - /images/creative-design.jpg[39m
2026-01-17 15:14:47:1447 [31merror[39m: [31mNot Found - /images/website-dev.jpg[39m
2026-01-17 15:14:47:1447 [31merror[39m: [31mNot Found - /images/amazon-az.jpg[39m
2026-01-17 15:14:48:1448 [31merror[39m: [31mNot Found - /images/ai-chatbot.jpg[39m
2026-01-17 15:14:57:1457 [31merror[39m: [31m❌ Database connection failed: Server selection timed out after 30000 ms[39m
2026-01-17 15:18:36:1836 [31merror[39m: [31mNot Found - /images/digital-marketing.jpg[39m
2026-01-17 15:18:36:1836 [31merror[39m: [31mNot Found - /images/creative-design.jpg[39m
2026-01-17 15:18:36:1836 [31merror[39m: [31mNot Found - /images/website-dev.jpg[39m
2026-01-17 15:18:36:1836 [31merror[39m: [31mNot Found - /images/amazon-az.jpg[39m
2026-01-17 15:18:36:1836 [31merror[39m: [31mNot Found - /images/ai-chatbot.jpg[39m
2026-01-17 15:18:42:1842 [31merror[39m: [31mNot Found - /images/logo-design.jpg[39m
2026-01-17 15:18:42:1842 [31merror[39m: [31mNot Found - /images/book-cover.jpg[39m
2026-01-17 15:18:42:1842 [31merror[39m: [31mNot Found - /images/3d-models.png[39m
2026-01-17 15:18:42:1842 [31merror[39m: [31mNot Found - /images/comic-art.jpg[39m
2026-01-17 15:18:42:1842 [31merror[39m: [31mNot Found - /images/character-design.jpg[39m
2026-01-17 15:18:42:1842 [31merror[39m: [31mNot Found - /images/anime-character.jpg[39m
2026-01-17 15:18:43:1843 [31merror[39m: [31mNot Found - /images/reference-sheet.jpg[39m
2026-01-17 15:18:50:1850 [31merror[39m: [31m❌ Database connection failed: Server selection timed out after 30000 ms[39m
2026-01-17 15:26:46:2646 [31merror[39m: [31m❌ Database connection failed: Server selection timed out after 30000 ms[39m
2026-01-17 15:32:03:323 [31merror[39m: [31mNot Found - /images/tiktok-content-strategy.jpg[39m
2026-01-17 15:32:03:323 [31merror[39m: [31mNot Found - /images/tiktok-video-production.jpg[39m
2026-01-17 15:32:03:323 [31merror[39m: [31mNot Found - /images/seo.avif[39m
2026-01-17 15:32:03:323 [31merror[39m: [31mNot Found - /images/tiktok-ads-management.jpg[39m
2026-01-17 15:32:10:3210 [31merror[39m: [31mNot Found - /images/3d-models.png[39m
2026-01-17 15:32:10:3210 [31merror[39m: [31mNot Found - /images/reference-sheet.jpg[39m
2026-01-17 15:32:14:3214 [31merror[39m: [31m❌ Database connection failed: Server selection timed out after 30000 ms[39m
2026-01-18 00:09:05:95 [31merror[39m: [31mNot Found - /images/amazon-listing-optimization.jpg[39m
2026-01-18 00:09:05:95 [31merror[39m: [31mNot Found - /images/amazon-ppc-campaigns.jpg[39m
2026-01-18 00:09:05:95 [31merror[39m: [31mNot Found - /images/amazon-inventory-management.jpg[39m
2026-01-18 00:09:20:920 [31merror[39m: [31mNot Found - /images/chatbot-overview.jpg[39m
2026-01-18 00:14:54:1454 [31merror[39m: [31mNot Found - /images/3d-models.png[39m
2026-01-18 00:14:54:1454 [31merror[39m: [31mNot Found - /images/reference-sheet.jpg[39m
2026-01-18 00:16:04:164 [31merror[39m: [31mNot Found - /images/amazon-listing-optimization.jpg[39m
2026-01-18 00:16:04:164 [31merror[39m: [31mNot Found - /images/amazon-ppc-campaigns.jpg[39m
2026-01-18 00:16:04:164 [31merror[39m: [31mNot Found - /images/amazon-inventory-management.jpg[39m
2026-01-18 00:37:57:3757 [31merror[39m: [31mNot Found - /images/chatbot-overview.jpg[39m
2026-01-18 00:38:47:3847 [31merror[39m: [31mNot Found - /images/chatbot-overview.jpg[39m
2026-01-18 00:38:51:3851 [31merror[39m: [31mNot Found - /favicon.ico[39m
2026-01-18 00:39:32:3932 [31merror[39m: [31mNot Found - /favicon.ico[39m
2026-01-18 00:42:16:4216 [31merror[39m: [31mNot Found - /images/3d-models.png[39m
2026-01-18 00:42:17:4217 [31merror[39m: [31mNot Found - /images/reference-sheet.jpg[39m
2026-01-18 00:42:37:4237 [31merror[39m: [31mNot Found - /images/chatbot-overview.jpg[39m
2026-01-18 00:42:41:4241 [31merror[39m: [31mNot Found - /images/chatbot-overview.jpg[39m
2026-01-18 00:46:37:4637 [31merror[39m: [31mNot Found - /images/chatbot-overview.jpg[39m
2026-01-18 00:48:09:489 [31merror[39m: [31mNot Found - /images/3d-models.png[39m
2026-01-18 00:48:09:489 [31merror[39m: [31mNot Found - /images/reference-sheet.jpg[39m
2026-01-18 00:49:27:4927 [31merror[39m: [31mNot Found - /images/chatbot-overview.jpg[39m
2026-01-18 00:52:43:5243 [31merror[39m: [31mNot Found - /images/chatbot-overview.jpg[39m
2026-01-18 02:03:23:323 [31merror[39m: [31m❌ Database connection failed: Server selection timed out after 30000 ms[39m
2026-01-18 02:04:35:435 [31merror[39m: [31m❌ Database connection failed: Server selection timed out after 30000 ms[39m
2026-01-18 02:07:12:712 [31merror[39m: [31m❌ Database connection failed: Server selection timed out after 30000 ms[39m
2026-01-18 02:07:52:752 [31merror[39m: [31m❌ Database connection failed: Server selection timed out after 30000 ms[39m
2026-01-18 02:09:32:932 [31merror[39m: [31m❌ Database connection failed: Server selection timed out after 30000 ms[39m
2026-01-18 02:10:29:1029 [31merror[39m: [31m❌ Database connection failed: Server selection timed out after 30000 ms[39m
2026-01-18 02:33:24:3324 [31merror[39m: [31m❌ Database connection failed: Server selection timed out after 30000 ms[39m
2026-01-18 13:17:34:1734 [31merror[39m: [31m❌ Database connection failed: Server selection timed out after 30000 ms[39m
